{"C:\\Users\\chris\\OneDrive\\Desktop\\tdd\\backend\\src\\errors\\DomainErrors.js": {"path":"C:\\Users\\chris\\OneDrive\\Desktop\\tdd\\backend\\src\\errors\\DomainErrors.js","statementMap":{"0":{"start":{"line":12,"column":4},"end":{"line":12,"column":96}},"1":{"start":{"line":13,"column":4},"end":{"line":13,"column":32}},"2":{"start":{"line":20,"column":4},"end":{"line":20,"column":98}},"3":{"start":{"line":21,"column":4},"end":{"line":21,"column":43}},"4":{"start":{"line":28,"column":4},"end":{"line":28,"column":87}},"5":{"start":{"line":29,"column":4},"end":{"line":29,"column":43}},"6":{"start":{"line":36,"column":4},"end":{"line":36,"column":103}},"7":{"start":{"line":37,"column":4},"end":{"line":37,"column":38}},"8":{"start":{"line":44,"column":4},"end":{"line":44,"column":129}},"9":{"start":{"line":45,"column":4},"end":{"line":45,"column":41}},"10":{"start":{"line":49,"column":0},"end":{"line":55,"column":2}}},"fnMap":{"0":{"name":"(anonymous_0)","decl":{"start":{"line":11,"column":2},"end":{"line":11,"column":3}},"loc":{"start":{"line":11,"column":34},"end":{"line":14,"column":3}},"line":11},"1":{"name":"(anonymous_1)","decl":{"start":{"line":19,"column":2},"end":{"line":19,"column":3}},"loc":{"start":{"line":19,"column":23},"end":{"line":22,"column":3}},"line":19},"2":{"name":"(anonymous_2)","decl":{"start":{"line":27,"column":2},"end":{"line":27,"column":3}},"loc":{"start":{"line":27,"column":16},"end":{"line":30,"column":3}},"line":27},"3":{"name":"(anonymous_3)","decl":{"start":{"line":35,"column":2},"end":{"line":35,"column":3}},"loc":{"start":{"line":35,"column":25},"end":{"line":38,"column":3}},"line":35},"4":{"name":"(anonymous_4)","decl":{"start":{"line":43,"column":2},"end":{"line":43,"column":3}},"loc":{"start":{"line":43,"column":25},"end":{"line":46,"column":3}},"line":43}},"branchMap":{},"s":{"0":1,"1":1,"2":1,"3":1,"4":1,"5":1,"6":2,"7":2,"8":0,"9":0,"10":2},"f":{"0":1,"1":1,"2":1,"3":2,"4":0},"b":{},"_coverageSchema":"1a1c01bbd47fc00a2c39e90264f33305004495a9","hash":"8a0fb1c61adc3d83b6261e4792cd6fb05fbe3925"}
,"C:\\Users\\chris\\OneDrive\\Desktop\\tdd\\backend\\src\\models\\Actividad.js": {"path":"C:\\Users\\chris\\OneDrive\\Desktop\\tdd\\backend\\src\\models\\Actividad.js","statementMap":{"0":{"start":{"line":16,"column":4},"end":{"line":16,"column":25}},"1":{"start":{"line":17,"column":4},"end":{"line":17,"column":39}},"2":{"start":{"line":18,"column":4},"end":{"line":18,"column":53}},"3":{"start":{"line":19,"column":4},"end":{"line":19,"column":29}},"4":{"start":{"line":28,"column":4},"end":{"line":28,"column":60}},"5":{"start":{"line":28,"column":35},"end":{"line":28,"column":50}},"6":{"start":{"line":38,"column":20},"end":{"line":38,"column":45}},"7":{"start":{"line":39,"column":4},"end":{"line":39,"column":31}},"8":{"start":{"line":39,"column":18},"end":{"line":39,"column":31}},"9":{"start":{"line":40,"column":4},"end":{"line":40,"column":56}},"10":{"start":{"line":44,"column":0},"end":{"line":44,"column":27}}},"fnMap":{"0":{"name":"(anonymous_0)","decl":{"start":{"line":15,"column":2},"end":{"line":15,"column":3}},"loc":{"start":{"line":15,"column":78},"end":{"line":20,"column":3}},"line":15},"1":{"name":"(anonymous_1)","decl":{"start":{"line":27,"column":2},"end":{"line":27,"column":3}},"loc":{"start":{"line":27,"column":23},"end":{"line":29,"column":3}},"line":27},"2":{"name":"(anonymous_2)","decl":{"start":{"line":28,"column":30},"end":{"line":28,"column":31}},"loc":{"start":{"line":28,"column":35},"end":{"line":28,"column":50}},"line":28},"3":{"name":"(anonymous_3)","decl":{"start":{"line":37,"column":2},"end":{"line":37,"column":3}},"loc":{"start":{"line":37,"column":23},"end":{"line":41,"column":3}},"line":37}},"branchMap":{"0":{"loc":{"start":{"line":15,"column":61},"end":{"line":15,"column":74}},"type":"default-arg","locations":[{"start":{"line":15,"column":72},"end":{"line":15,"column":74}}],"line":15},"1":{"loc":{"start":{"line":28,"column":11},"end":{"line":28,"column":59}},"type":"binary-expr","locations":[{"start":{"line":28,"column":11},"end":{"line":28,"column":51}},{"start":{"line":28,"column":55},"end":{"line":28,"column":59}}],"line":28},"2":{"loc":{"start":{"line":39,"column":4},"end":{"line":39,"column":31}},"type":"if","locations":[{"start":{"line":39,"column":4},"end":{"line":39,"column":31}},{"start":{},"end":{}}],"line":39},"3":{"loc":{"start":{"line":40,"column":11},"end":{"line":40,"column":55}},"type":"binary-expr","locations":[{"start":{"line":40,"column":11},"end":{"line":40,"column":31}},{"start":{"line":40,"column":35},"end":{"line":40,"column":55}}],"line":40}},"s":{"0":18,"1":18,"2":18,"3":18,"4":12,"5":10,"6":4,"7":4,"8":1,"9":3,"10":2},"f":{"0":18,"1":12,"2":10,"3":4},"b":{"0":[1],"1":[12,2],"2":[1,3],"3":[3,2]},"_coverageSchema":"1a1c01bbd47fc00a2c39e90264f33305004495a9","hash":"5160d7e5dae16edfbfa219fe42cd3a1c2a17ae93"}
,"C:\\Users\\chris\\OneDrive\\Desktop\\tdd\\backend\\src\\models\\Horario.js": {"path":"C:\\Users\\chris\\OneDrive\\Desktop\\tdd\\backend\\src\\models\\Horario.js","statementMap":{"0":{"start":{"line":15,"column":4},"end":{"line":15,"column":21}},"1":{"start":{"line":16,"column":4},"end":{"line":16,"column":45}},"2":{"start":{"line":17,"column":4},"end":{"line":17,"column":25}},"3":{"start":{"line":21,"column":4},"end":{"line":21,"column":37}},"4":{"start":{"line":25,"column":4},"end":{"line":25,"column":23}},"5":{"start":{"line":33,"column":4},"end":{"line":35,"column":5}},"6":{"start":{"line":34,"column":6},"end":{"line":34,"column":65}},"7":{"start":{"line":36,"column":4},"end":{"line":36,"column":28}},"8":{"start":{"line":40,"column":0},"end":{"line":40,"column":25}}},"fnMap":{"0":{"name":"(anonymous_0)","decl":{"start":{"line":14,"column":2},"end":{"line":14,"column":3}},"loc":{"start":{"line":14,"column":57},"end":{"line":18,"column":3}},"line":14},"1":{"name":"(anonymous_1)","decl":{"start":{"line":20,"column":2},"end":{"line":20,"column":3}},"loc":{"start":{"line":20,"column":15},"end":{"line":22,"column":3}},"line":20},"2":{"name":"(anonymous_2)","decl":{"start":{"line":24,"column":2},"end":{"line":24,"column":3}},"loc":{"start":{"line":24,"column":15},"end":{"line":26,"column":3}},"line":24},"3":{"name":"(anonymous_3)","decl":{"start":{"line":32,"column":2},"end":{"line":32,"column":3}},"loc":{"start":{"line":32,"column":17},"end":{"line":37,"column":3}},"line":32}},"branchMap":{"0":{"loc":{"start":{"line":14,"column":40},"end":{"line":14,"column":53}},"type":"default-arg","locations":[{"start":{"line":14,"column":49},"end":{"line":14,"column":53}}],"line":14},"1":{"loc":{"start":{"line":33,"column":4},"end":{"line":35,"column":5}},"type":"if","locations":[{"start":{"line":33,"column":4},"end":{"line":35,"column":5}},{"start":{},"end":{}}],"line":33}},"s":{"0":25,"1":25,"2":25,"3":7,"4":9,"5":0,"6":0,"7":0,"8":2},"f":{"0":25,"1":7,"2":9,"3":0},"b":{"0":[0],"1":[0,0]},"_coverageSchema":"1a1c01bbd47fc00a2c39e90264f33305004495a9","hash":"fdbc137dc346cebab43271607a1a6a6a8d6dfbca"}
,"C:\\Users\\chris\\OneDrive\\Desktop\\tdd\\backend\\src\\models\\Inscripcion.js": {"path":"C:\\Users\\chris\\OneDrive\\Desktop\\tdd\\backend\\src\\models\\Inscripcion.js","statementMap":{"0":{"start":{"line":18,"column":4},"end":{"line":18,"column":94}},"1":{"start":{"line":19,"column":4},"end":{"line":19,"column":31}},"2":{"start":{"line":20,"column":4},"end":{"line":20,"column":27}},"3":{"start":{"line":21,"column":4},"end":{"line":21,"column":33}},"4":{"start":{"line":22,"column":4},"end":{"line":22,"column":47}},"5":{"start":{"line":23,"column":4},"end":{"line":23,"column":39}},"6":{"start":{"line":24,"column":4},"end":{"line":24,"column":39}},"7":{"start":{"line":25,"column":4},"end":{"line":25,"column":28}},"8":{"start":{"line":33,"column":4},"end":{"line":33,"column":27}},"9":{"start":{"line":37,"column":0},"end":{"line":37,"column":29}}},"fnMap":{"0":{"name":"(anonymous_0)","decl":{"start":{"line":16,"column":2},"end":{"line":16,"column":3}},"loc":{"start":{"line":16,"column":84},"end":{"line":26,"column":3}},"line":16},"1":{"name":"(anonymous_1)","decl":{"start":{"line":32,"column":2},"end":{"line":32,"column":3}},"loc":{"start":{"line":32,"column":14},"end":{"line":34,"column":3}},"line":32}},"branchMap":{},"s":{"0":7,"1":7,"2":7,"3":7,"4":7,"5":7,"6":7,"7":7,"8":3,"9":2},"f":{"0":7,"1":3},"b":{},"_coverageSchema":"1a1c01bbd47fc00a2c39e90264f33305004495a9","hash":"f27427cbbc24fdf674790987bbddff4fa731ac1e"}
,"C:\\Users\\chris\\OneDrive\\Desktop\\tdd\\backend\\src\\models\\Visitante.js": {"path":"C:\\Users\\chris\\OneDrive\\Desktop\\tdd\\backend\\src\\models\\Visitante.js","statementMap":{"0":{"start":{"line":6,"column":32},"end":{"line":6,"column":65}},"1":{"start":{"line":17,"column":4},"end":{"line":17,"column":25}},"2":{"start":{"line":18,"column":4},"end":{"line":18,"column":19}},"3":{"start":{"line":19,"column":4},"end":{"line":19,"column":21}},"4":{"start":{"line":20,"column":4},"end":{"line":20,"column":23}},"5":{"start":{"line":31,"column":4},"end":{"line":33,"column":5}},"6":{"start":{"line":32,"column":6},"end":{"line":32,"column":54}},"7":{"start":{"line":37,"column":0},"end":{"line":37,"column":27}}},"fnMap":{"0":{"name":"(anonymous_0)","decl":{"start":{"line":16,"column":2},"end":{"line":16,"column":3}},"loc":{"start":{"line":16,"column":44},"end":{"line":21,"column":3}},"line":16},"1":{"name":"(anonymous_1)","decl":{"start":{"line":30,"column":2},"end":{"line":30,"column":3}},"loc":{"start":{"line":30,"column":34},"end":{"line":34,"column":3}},"line":30}},"branchMap":{"0":{"loc":{"start":{"line":31,"column":4},"end":{"line":33,"column":5}},"type":"if","locations":[{"start":{"line":31,"column":4},"end":{"line":33,"column":5}},{"start":{},"end":{}}],"line":31},"1":{"loc":{"start":{"line":31,"column":8},"end":{"line":31,"column":46}},"type":"binary-expr","locations":[{"start":{"line":31,"column":8},"end":{"line":31,"column":31}},{"start":{"line":31,"column":35},"end":{"line":31,"column":46}}],"line":31}},"s":{"0":2,"1":9,"2":9,"3":9,"4":9,"5":7,"6":2,"7":2},"f":{"0":9,"1":7},"b":{"0":[2,5],"1":[7,4]},"_coverageSchema":"1a1c01bbd47fc00a2c39e90264f33305004495a9","hash":"06b8a9d944d8cd6339b663057b3845c8a447fb5b"}
,"C:\\Users\\chris\\OneDrive\\Desktop\\tdd\\backend\\src\\repositories\\ActividadRepository.js": {"path":"C:\\Users\\chris\\OneDrive\\Desktop\\tdd\\backend\\src\\repositories\\ActividadRepository.js","statementMap":{"0":{"start":{"line":11,"column":18},"end":{"line":11,"column":48}},"1":{"start":{"line":12,"column":16},"end":{"line":12,"column":44}},"2":{"start":{"line":14,"column":29},"end":{"line":71,"column":1}},"3":{"start":{"line":73,"column":24},"end":{"line":73,"column":63}},"4":{"start":{"line":73,"column":54},"end":{"line":73,"column":62}},"5":{"start":{"line":81,"column":4},"end":{"line":81,"column":32}},"6":{"start":{"line":90,"column":4},"end":{"line":90,"column":71}},"7":{"start":{"line":90,"column":42},"end":{"line":90,"column":61}},"8":{"start":{"line":98,"column":4},"end":{"line":98,"column":27}},"9":{"start":{"line":102,"column":0},"end":{"line":102,"column":37}}},"fnMap":{"0":{"name":"(anonymous_0)","decl":{"start":{"line":73,"column":49},"end":{"line":73,"column":50}},"loc":{"start":{"line":73,"column":54},"end":{"line":73,"column":62}},"line":73},"1":{"name":"(anonymous_1)","decl":{"start":{"line":80,"column":2},"end":{"line":80,"column":3}},"loc":{"start":{"line":80,"column":17},"end":{"line":82,"column":3}},"line":80},"2":{"name":"(anonymous_2)","decl":{"start":{"line":89,"column":2},"end":{"line":89,"column":3}},"loc":{"start":{"line":89,"column":26},"end":{"line":91,"column":3}},"line":89},"3":{"name":"(anonymous_3)","decl":{"start":{"line":90,"column":37},"end":{"line":90,"column":38}},"loc":{"start":{"line":90,"column":42},"end":{"line":90,"column":61}},"line":90},"4":{"name":"(anonymous_4)","decl":{"start":{"line":97,"column":2},"end":{"line":97,"column":3}},"loc":{"start":{"line":97,"column":26},"end":{"line":99,"column":3}},"line":97}},"branchMap":{"0":{"loc":{"start":{"line":90,"column":11},"end":{"line":90,"column":70}},"type":"binary-expr","locations":[{"start":{"line":90,"column":11},"end":{"line":90,"column":62}},{"start":{"line":90,"column":66},"end":{"line":90,"column":70}}],"line":90}},"s":{"0":1,"1":1,"2":1,"3":1,"4":4,"5":0,"6":0,"7":0,"8":0,"9":1},"f":{"0":4,"1":0,"2":0,"3":0,"4":0},"b":{"0":[0,0]},"_coverageSchema":"1a1c01bbd47fc00a2c39e90264f33305004495a9","hash":"cb12542cb8949183365138b9757dd3c902a4d143"}
,"C:\\Users\\chris\\OneDrive\\Desktop\\tdd\\backend\\src\\repositories\\InscripcionRepository.js": {"path":"C:\\Users\\chris\\OneDrive\\Desktop\\tdd\\backend\\src\\repositories\\InscripcionRepository.js","statementMap":{"0":{"start":{"line":8,"column":4},"end":{"line":8,"column":29}},"1":{"start":{"line":17,"column":4},"end":{"line":17,"column":42}},"2":{"start":{"line":18,"column":4},"end":{"line":18,"column":23}},"3":{"start":{"line":27,"column":4},"end":{"line":27,"column":62}},"4":{"start":{"line":27,"column":41},"end":{"line":27,"column":52}},"5":{"start":{"line":35,"column":4},"end":{"line":35,"column":36}},"6":{"start":{"line":39,"column":0},"end":{"line":39,"column":39}}},"fnMap":{"0":{"name":"(anonymous_0)","decl":{"start":{"line":7,"column":2},"end":{"line":7,"column":3}},"loc":{"start":{"line":7,"column":16},"end":{"line":9,"column":3}},"line":7},"1":{"name":"(anonymous_1)","decl":{"start":{"line":16,"column":2},"end":{"line":16,"column":3}},"loc":{"start":{"line":16,"column":23},"end":{"line":19,"column":3}},"line":16},"2":{"name":"(anonymous_2)","decl":{"start":{"line":26,"column":2},"end":{"line":26,"column":3}},"loc":{"start":{"line":26,"column":18},"end":{"line":28,"column":3}},"line":26},"3":{"name":"(anonymous_3)","decl":{"start":{"line":27,"column":36},"end":{"line":27,"column":37}},"loc":{"start":{"line":27,"column":41},"end":{"line":27,"column":52}},"line":27},"4":{"name":"(anonymous_4)","decl":{"start":{"line":34,"column":2},"end":{"line":34,"column":3}},"loc":{"start":{"line":34,"column":17},"end":{"line":36,"column":3}},"line":34}},"branchMap":{"0":{"loc":{"start":{"line":27,"column":11},"end":{"line":27,"column":61}},"type":"binary-expr","locations":[{"start":{"line":27,"column":11},"end":{"line":27,"column":53}},{"start":{"line":27,"column":57},"end":{"line":27,"column":61}}],"line":27}},"s":{"0":6,"1":2,"2":2,"3":0,"4":0,"5":0,"6":1},"f":{"0":6,"1":2,"2":0,"3":0,"4":0},"b":{"0":[0,0]},"_coverageSchema":"1a1c01bbd47fc00a2c39e90264f33305004495a9","hash":"9c47690e77b04a6cb67bd7fa6a0d42fc47078621"}
,"C:\\Users\\chris\\OneDrive\\Desktop\\tdd\\backend\\src\\services\\InscripcionService.js": {"path":"C:\\Users\\chris\\OneDrive\\Desktop\\tdd\\backend\\src\\services\\InscripcionService.js","statementMap":{"0":{"start":{"line":22,"column":20},"end":{"line":22,"column":52}},"1":{"start":{"line":23,"column":18},"end":{"line":23,"column":48}},"2":{"start":{"line":29,"column":4},"end":{"line":29,"column":37}},"3":{"start":{"line":38,"column":4},"end":{"line":38,"column":35}},"4":{"start":{"line":39,"column":4},"end":{"line":39,"column":51}},"5":{"start":{"line":40,"column":4},"end":{"line":40,"column":55}},"6":{"start":{"line":63,"column":49},"end":{"line":63,"column":58}},"7":{"start":{"line":66,"column":22},"end":{"line":66,"column":79}},"8":{"start":{"line":67,"column":4},"end":{"line":69,"column":5}},"9":{"start":{"line":68,"column":6},"end":{"line":68,"column":56}},"10":{"start":{"line":72,"column":20},"end":{"line":72,"column":62}},"11":{"start":{"line":73,"column":4},"end":{"line":75,"column":5}},"12":{"start":{"line":74,"column":6},"end":{"line":74,"column":59}},"13":{"start":{"line":78,"column":4},"end":{"line":80,"column":5}},"14":{"start":{"line":79,"column":6},"end":{"line":79,"column":65}},"15":{"start":{"line":83,"column":4},"end":{"line":85,"column":5}},"16":{"start":{"line":84,"column":6},"end":{"line":84,"column":43}},"17":{"start":{"line":89,"column":23},"end":{"line":93,"column":6}},"18":{"start":{"line":90,"column":24},"end":{"line":90,"column":44}},"19":{"start":{"line":91,"column":6},"end":{"line":91,"column":48}},"20":{"start":{"line":92,"column":6},"end":{"line":92,"column":23}},"21":{"start":{"line":96,"column":24},"end":{"line":102,"column":6}},"22":{"start":{"line":103,"column":4},"end":{"line":103,"column":28}},"23":{"start":{"line":104,"column":4},"end":{"line":104,"column":52}},"24":{"start":{"line":107,"column":4},"end":{"line":113,"column":7}},"25":{"start":{"line":115,"column":4},"end":{"line":118,"column":6}},"26":{"start":{"line":122,"column":0},"end":{"line":122,"column":36}}},"fnMap":{"0":{"name":"(anonymous_0)","decl":{"start":{"line":37,"column":2},"end":{"line":37,"column":3}},"loc":{"start":{"line":37,"column":71},"end":{"line":41,"column":3}},"line":37},"1":{"name":"(anonymous_1)","decl":{"start":{"line":61,"column":2},"end":{"line":61,"column":3}},"loc":{"start":{"line":61,"column":29},"end":{"line":119,"column":3}},"line":61},"2":{"name":"(anonymous_2)","decl":{"start":{"line":89,"column":43},"end":{"line":89,"column":44}},"loc":{"start":{"line":89,"column":52},"end":{"line":93,"column":5}},"line":89}},"branchMap":{"0":{"loc":{"start":{"line":67,"column":4},"end":{"line":69,"column":5}},"type":"if","locations":[{"start":{"line":67,"column":4},"end":{"line":69,"column":5}},{"start":{},"end":{}}],"line":67},"1":{"loc":{"start":{"line":73,"column":4},"end":{"line":75,"column":5}},"type":"if","locations":[{"start":{"line":73,"column":4},"end":{"line":75,"column":5}},{"start":{},"end":{}}],"line":73},"2":{"loc":{"start":{"line":73,"column":8},"end":{"line":73,"column":41}},"type":"binary-expr","locations":[{"start":{"line":73,"column":8},"end":{"line":73,"column":16}},{"start":{"line":73,"column":20},"end":{"line":73,"column":41}}],"line":73},"3":{"loc":{"start":{"line":78,"column":4},"end":{"line":80,"column":5}},"type":"if","locations":[{"start":{"line":78,"column":4},"end":{"line":80,"column":5}},{"start":{},"end":{}}],"line":78},"4":{"loc":{"start":{"line":83,"column":4},"end":{"line":85,"column":5}},"type":"if","locations":[{"start":{"line":83,"column":4},"end":{"line":85,"column":5}},{"start":{},"end":{}}],"line":83}},"s":{"0":1,"1":1,"2":1,"3":6,"4":6,"5":6,"6":6,"7":6,"8":6,"9":0,"10":6,"11":6,"12":1,"13":5,"14":1,"15":4,"16":1,"17":3,"18":3,"19":3,"20":2,"21":2,"22":2,"23":2,"24":2,"25":2,"26":1},"f":{"0":6,"1":6,"2":3},"b":{"0":[0,6],"1":[1,5],"2":[6,6],"3":[1,4],"4":[1,3]},"_coverageSchema":"1a1c01bbd47fc00a2c39e90264f33305004495a9","hash":"8cabed3a51fcf3acb7dd4625f86311fb3ad35bc9"}
}
