TN:
SF:src\errors\DomainErrors.js
FN:11,(anonymous_0)
FN:19,(anonymous_1)
FN:27,(anonymous_2)
FN:35,(anonymous_3)
FN:43,(anonymous_4)
FNF:5
FNH:4
FNDA:1,(anonymous_0)
FNDA:1,(anonymous_1)
FNDA:1,(anonymous_2)
FNDA:2,(anonymous_3)
FNDA:0,(anonymous_4)
DA:12,1
DA:13,1
DA:20,1
DA:21,1
DA:28,1
DA:29,1
DA:36,2
DA:37,2
DA:44,0
DA:45,0
DA:49,2
LF:11
LH:9
BRF:0
BRH:0
end_of_record
TN:
SF:src\models\Actividad.js
FN:15,(anonymous_0)
FN:27,(anonymous_1)
FN:28,(anonymous_2)
FN:37,(anonymous_3)
FNF:4
FNH:4
FNDA:18,(anonymous_0)
FNDA:12,(anonymous_1)
FNDA:10,(anonymous_2)
FNDA:4,(anonymous_3)
DA:16,18
DA:17,18
DA:18,18
DA:19,18
DA:28,12
DA:38,4
DA:39,4
DA:40,3
DA:44,2
LF:9
LH:9
BRDA:15,0,0,1
BRDA:28,1,0,12
BRDA:28,1,1,2
BRDA:39,2,0,1
BRDA:39,2,1,3
BRDA:40,3,0,3
BRDA:40,3,1,2
BRF:7
BRH:7
end_of_record
TN:
SF:src\models\Horario.js
FN:14,(anonymous_0)
FN:20,(anonymous_1)
FN:24,(anonymous_2)
FN:32,(anonymous_3)
FNF:4
FNH:3
FNDA:25,(anonymous_0)
FNDA:7,(anonymous_1)
FNDA:9,(anonymous_2)
FNDA:0,(anonymous_3)
DA:15,25
DA:16,25
DA:17,25
DA:21,7
DA:25,9
DA:33,0
DA:34,0
DA:36,0
DA:40,2
LF:9
LH:6
BRDA:14,0,0,0
BRDA:33,1,0,0
BRDA:33,1,1,0
BRF:3
BRH:0
end_of_record
TN:
SF:src\models\Inscripcion.js
FN:16,(anonymous_0)
FN:32,(anonymous_1)
FNF:2
FNH:2
FNDA:7,(anonymous_0)
FNDA:3,(anonymous_1)
DA:18,7
DA:19,7
DA:20,7
DA:21,7
DA:22,7
DA:23,7
DA:24,7
DA:25,7
DA:33,3
DA:37,2
LF:10
LH:10
BRF:0
BRH:0
end_of_record
TN:
SF:src\models\Visitante.js
FN:16,(anonymous_0)
FN:30,(anonymous_1)
FNF:2
FNH:2
FNDA:9,(anonymous_0)
FNDA:7,(anonymous_1)
DA:6,2
DA:17,9
DA:18,9
DA:19,9
DA:20,9
DA:31,7
DA:32,2
DA:37,2
LF:8
LH:8
BRDA:31,0,0,2
BRDA:31,0,1,5
BRDA:31,1,0,7
BRDA:31,1,1,4
BRF:4
BRH:4
end_of_record
TN:
SF:src\repositories\ActividadRepository.js
FN:73,(anonymous_0)
FN:80,(anonymous_1)
FN:89,(anonymous_2)
FN:90,(anonymous_3)
FN:97,(anonymous_4)
FNF:5
FNH:1
FNDA:4,(anonymous_0)
FNDA:0,(anonymous_1)
FNDA:0,(anonymous_2)
FNDA:0,(anonymous_3)
FNDA:0,(anonymous_4)
DA:11,1
DA:12,1
DA:14,1
DA:73,4
DA:81,0
DA:90,0
DA:98,0
DA:102,1
LF:8
LH:5
BRDA:90,0,0,0
BRDA:90,0,1,0
BRF:2
BRH:0
end_of_record
TN:
SF:src\repositories\InscripcionRepository.js
FN:7,(anonymous_0)
FN:16,(anonymous_1)
FN:26,(anonymous_2)
FN:27,(anonymous_3)
FN:34,(anonymous_4)
FNF:5
FNH:2
FNDA:6,(anonymous_0)
FNDA:2,(anonymous_1)
FNDA:0,(anonymous_2)
FNDA:0,(anonymous_3)
FNDA:0,(anonymous_4)
DA:8,6
DA:17,2
DA:18,2
DA:27,0
DA:35,0
DA:39,1
LF:6
LH:4
BRDA:27,0,0,0
BRDA:27,0,1,0
BRF:2
BRH:0
end_of_record
TN:
SF:src\services\InscripcionService.js
FN:37,(anonymous_0)
FN:61,(anonymous_1)
FN:89,(anonymous_2)
FNF:3
FNH:3
FNDA:6,(anonymous_0)
FNDA:6,(anonymous_1)
FNDA:3,(anonymous_2)
DA:22,1
DA:23,1
DA:29,1
DA:38,6
DA:39,6
DA:40,6
DA:63,6
DA:66,6
DA:67,6
DA:68,0
DA:72,6
DA:73,6
DA:74,1
DA:78,5
DA:79,1
DA:83,4
DA:84,1
DA:89,3
DA:90,3
DA:91,3
DA:92,2
DA:96,2
DA:103,2
DA:104,2
DA:107,2
DA:115,2
DA:122,1
LF:27
LH:26
BRDA:67,0,0,0
BRDA:67,0,1,6
BRDA:73,1,0,1
BRDA:73,1,1,5
BRDA:73,2,0,6
BRDA:73,2,1,6
BRDA:78,3,0,1
BRDA:78,3,1,4
BRDA:83,4,0,1
BRDA:83,4,1,3
BRF:10
BRH:9
end_of_record
